[debug] [2021-02-02T14:33:08.301Z] ----------------------------------------------------------------------
[debug] [2021-02-02T14:33:08.304Z] Command:       C:\Program Files\nodejs\node.exe C:\Users\lenovo\AppData\Roaming\npm\node_modules\firebase-tools\lib\bin\firebase.js init
[debug] [2021-02-02T14:33:08.304Z] CLI Version:   9.3.0
[debug] [2021-02-02T14:33:08.304Z] Platform:      win32
[debug] [2021-02-02T14:33:08.304Z] Node Version:  v15.7.0
[debug] [2021-02-02T14:33:08.305Z] Time:          Tue Feb 02 2021 20:03:08 GMT+0530 (India Standard Time)
[debug] [2021-02-02T14:33:08.305Z] ----------------------------------------------------------------------
[debug] [2021-02-02T14:33:08.306Z] 
[debug] [2021-02-02T14:33:08.313Z] > command requires scopes: ["email","openid","https://www.googleapis.com/auth/cloudplatformprojects.readonly","https://www.googleapis.com/auth/firebase","https://www.googleapis.com/auth/cloud-platform"]
[debug] [2021-02-02T14:33:08.313Z] > authorizing via signed-in user
[info] 
     ######## #### ########  ######## ########     ###     ######  ########
     ##        ##  ##     ## ##       ##     ##  ##   ##  ##       ##
     ######    ##  ########  ######   ########  #########  ######  ######
     ##        ##  ##    ##  ##       ##     ## ##     ##       ## ##
     ##       #### ##     ## ######## ########  ##     ##  ######  ########

You're about to initialize a Firebase project in this directory:

  C:\Users\lenovo

Before we get started, keep in mind:

  * You are initializing in an existing Firebase project directory

[info] 
=== Project Setup
[info] 
[info] First, let's associate this project directory with a Firebase project.
[info] You can create multiple project aliases by running firebase use --add, 
[info] but for now we'll just set up a default project.
[info] 
[info] i  .firebaserc already has a default project, using tinder-clone-87c4b. 
[debug] [2021-02-02T14:33:23.472Z] > refreshing access token with scopes: []
[debug] [2021-02-02T14:33:23.472Z] >>> HTTP REQUEST POST https://www.googleapis.com/oauth2/v3/token  
 <request body omitted>
[debug] [2021-02-02T14:33:23.828Z] <<< HTTP RESPONSE 200 {"expires":"Mon, 01 Jan 1990 00:00:00 GMT","pragma":"no-cache","date":"Tue, 02 Feb 2021 14:33:25 GMT","cache-control":"no-cache, no-store, max-age=0, must-revalidate","content-type":"application/json; charset=utf-8","vary":"X-Origin, Referer, Origin,Accept-Encoding","server":"scaffolding on HTTPServer2","x-xss-protection":"0","x-frame-options":"SAMEORIGIN","x-content-type-options":"nosniff","alt-svc":"h3-29=\":443\"; ma=2592000,h3-T051=\":443\"; ma=2592000,h3-Q050=\":443\"; ma=2592000,h3-Q046=\":443\"; ma=2592000,h3-Q043=\":443\"; ma=2592000,quic=\":443\"; ma=2592000; v=\"46,43\"","accept-ranges":"none","transfer-encoding":"chunked"}
[debug] [2021-02-02T14:33:23.849Z] >>> [apiv2][query] GET https://firebase.googleapis.com/v1beta1/projects/tinder-clone-87c4b [none]
[debug] [2021-02-02T14:33:24.434Z] <<< [apiv2][status] GET https://firebase.googleapis.com/v1beta1/projects/tinder-clone-87c4b 200
[debug] [2021-02-02T14:33:24.434Z] <<< [apiv2][body] GET https://firebase.googleapis.com/v1beta1/projects/tinder-clone-87c4b {"projectId":"tinder-clone-87c4b","projectNumber":"70368016840","displayName":"tinder-clone","name":"projects/tinder-clone-87c4b","resources":{"hostingSite":"tinder-clone-87c4b","realtimeDatabaseInstance":"tinder-clone-87c4b","storageBucket":"tinder-clone-87c4b.appspot.com","locationId":"us-central"},"state":"ACTIVE"}
[info] 
=== Hosting Setup
[info] 
[info] Your public directory is the folder (relative to your project directory) that
[info] will contain Hosting assets to be uploaded with firebase deploy. If you
[info] have a build process for your assets, use your build's output directory.
[info] 
